{"C:\\Users\\Hp\\OneDrive\\Desktop\\SmartWaste_NBO\\backend\\models\\Collector.js": {"path":"C:\\Users\\Hp\\OneDrive\\Desktop\\SmartWaste_NBO\\backend\\models\\Collector.js","statementMap":{"0":{"start":{"line":1,"column":17},"end":{"line":1,"column":36}},"1":{"start":{"line":3,"column":24},"end":{"line":66,"column":24}},"2":{"start":{"line":68,"column":0},"end":{"line":68,"column":62}}},"fnMap":{},"branchMap":{},"s":{"0":7,"1":7,"2":7},"f":{},"b":{},"_coverageSchema":"1a1c01bbd47fc00a2c39e90264f33305004495a9","hash":"0b0fdb0042ed545d215527e93b6ae88f5c966bdd"}
,"C:\\Users\\Hp\\OneDrive\\Desktop\\SmartWaste_NBO\\backend\\models\\Feedback.js": {"path":"C:\\Users\\Hp\\OneDrive\\Desktop\\SmartWaste_NBO\\backend\\models\\Feedback.js","statementMap":{"0":{"start":{"line":1,"column":17},"end":{"line":1,"column":36}},"1":{"start":{"line":3,"column":23},"end":{"line":29,"column":2}},"2":{"start":{"line":31,"column":0},"end":{"line":31,"column":60}}},"fnMap":{},"branchMap":{},"s":{"0":7,"1":7,"2":7},"f":{},"b":{},"_coverageSchema":"1a1c01bbd47fc00a2c39e90264f33305004495a9","hash":"8e12943b2d49adaec94b8cbe041c42c41e624011"}
,"C:\\Users\\Hp\\OneDrive\\Desktop\\SmartWaste_NBO\\backend\\models\\Report.js": {"path":"C:\\Users\\Hp\\OneDrive\\Desktop\\SmartWaste_NBO\\backend\\models\\Report.js","statementMap":{"0":{"start":{"line":1,"column":17},"end":{"line":1,"column":36}},"1":{"start":{"line":3,"column":21},"end":{"line":49,"column":2}},"2":{"start":{"line":51,"column":0},"end":{"line":51,"column":56}}},"fnMap":{},"branchMap":{},"s":{"0":7,"1":7,"2":7},"f":{},"b":{},"_coverageSchema":"1a1c01bbd47fc00a2c39e90264f33305004495a9","hash":"5633cc4e5a85368cf3d4a0d5fac26e5c59979166"}
,"C:\\Users\\Hp\\OneDrive\\Desktop\\SmartWaste_NBO\\backend\\models\\Schedule.js": {"path":"C:\\Users\\Hp\\OneDrive\\Desktop\\SmartWaste_NBO\\backend\\models\\Schedule.js","statementMap":{"0":{"start":{"line":1,"column":17},"end":{"line":1,"column":36}},"1":{"start":{"line":3,"column":23},"end":{"line":11,"column":24}},"2":{"start":{"line":13,"column":0},"end":{"line":13,"column":60}}},"fnMap":{},"branchMap":{},"s":{"0":7,"1":7,"2":7},"f":{},"b":{},"_coverageSchema":"1a1c01bbd47fc00a2c39e90264f33305004495a9","hash":"ac15dd72bd161f0f73dd4303be3cc5e6e718fd74"}
,"C:\\Users\\Hp\\OneDrive\\Desktop\\SmartWaste_NBO\\backend\\models\\User.js": {"path":"C:\\Users\\Hp\\OneDrive\\Desktop\\SmartWaste_NBO\\backend\\models\\User.js","statementMap":{"0":{"start":{"line":1,"column":17},"end":{"line":1,"column":36}},"1":{"start":{"line":3,"column":19},"end":{"line":34,"column":24}},"2":{"start":{"line":36,"column":0},"end":{"line":36,"column":52}}},"fnMap":{},"branchMap":{},"s":{"0":7,"1":7,"2":7},"f":{},"b":{},"_coverageSchema":"1a1c01bbd47fc00a2c39e90264f33305004495a9","hash":"c10a579ea6c53b63f55f7e2c0eb11859aef67497"}
,"C:\\Users\\Hp\\OneDrive\\Desktop\\SmartWaste_NBO\\backend\\routes\\auth.js": {"path":"C:\\Users\\Hp\\OneDrive\\Desktop\\SmartWaste_NBO\\backend\\routes\\auth.js","statementMap":{"0":{"start":{"line":1,"column":16},"end":{"line":1,"column":34}},"1":{"start":{"line":2,"column":15},"end":{"line":2,"column":34}},"2":{"start":{"line":3,"column":12},"end":{"line":3,"column":35}},"3":{"start":{"line":4,"column":13},"end":{"line":4,"column":38}},"4":{"start":{"line":5,"column":18},"end":{"line":5,"column":48}},"5":{"start":{"line":6,"column":15},"end":{"line":6,"column":31}},"6":{"start":{"line":8,"column":19},"end":{"line":8,"column":55}},"7":{"start":{"line":10,"column":0},"end":{"line":66,"column":3}},"8":{"start":{"line":11,"column":2},"end":{"line":65,"column":3}},"9":{"start":{"line":12,"column":57},"end":{"line":12,"column":65}},"10":{"start":{"line":15,"column":4},"end":{"line":20,"column":5}},"11":{"start":{"line":16,"column":6},"end":{"line":19,"column":9}},"12":{"start":{"line":22,"column":25},"end":{"line":22,"column":54}},"13":{"start":{"line":23,"column":4},"end":{"line":28,"column":5}},"14":{"start":{"line":24,"column":6},"end":{"line":27,"column":9}},"15":{"start":{"line":30,"column":27},"end":{"line":30,"column":58}},"16":{"start":{"line":32,"column":20},"end":{"line":37,"column":6}},"17":{"start":{"line":39,"column":22},"end":{"line":39,"column":42}},"18":{"start":{"line":41,"column":18},"end":{"line":45,"column":5}},"19":{"start":{"line":47,"column":4},"end":{"line":57,"column":7}},"20":{"start":{"line":60,"column":4},"end":{"line":64,"column":7}},"21":{"start":{"line":68,"column":0},"end":{"line":121,"column":3}},"22":{"start":{"line":69,"column":2},"end":{"line":120,"column":3}},"23":{"start":{"line":70,"column":42},"end":{"line":70,"column":50}},"24":{"start":{"line":72,"column":17},"end":{"line":72,"column":46}},"25":{"start":{"line":73,"column":4},"end":{"line":78,"column":5}},"26":{"start":{"line":74,"column":6},"end":{"line":77,"column":9}},"27":{"start":{"line":81,"column":4},"end":{"line":86,"column":5}},"28":{"start":{"line":82,"column":6},"end":{"line":85,"column":9}},"29":{"start":{"line":88,"column":28},"end":{"line":88,"column":73}},"30":{"start":{"line":89,"column":4},"end":{"line":94,"column":5}},"31":{"start":{"line":90,"column":6},"end":{"line":93,"column":9}},"32":{"start":{"line":96,"column":18},"end":{"line":100,"column":5}},"33":{"start":{"line":102,"column":4},"end":{"line":112,"column":7}},"34":{"start":{"line":115,"column":4},"end":{"line":119,"column":7}},"35":{"start":{"line":124,"column":0},"end":{"line":179,"column":3}},"36":{"start":{"line":125,"column":2},"end":{"line":178,"column":3}},"37":{"start":{"line":126,"column":22},"end":{"line":126,"column":30}},"38":{"start":{"line":129,"column":22},"end":{"line":129,"column":56}},"39":{"start":{"line":131,"column":4},"end":{"line":136,"column":5}},"40":{"start":{"line":132,"column":6},"end":{"line":135,"column":9}},"41":{"start":{"line":138,"column":4},"end":{"line":143,"column":5}},"42":{"start":{"line":139,"column":6},"end":{"line":142,"column":9}},"43":{"start":{"line":146,"column":18},"end":{"line":155,"column":5}},"44":{"start":{"line":158,"column":4},"end":{"line":170,"column":7}},"45":{"start":{"line":173,"column":4},"end":{"line":177,"column":7}},"46":{"start":{"line":182,"column":0},"end":{"line":192,"column":3}},"47":{"start":{"line":183,"column":19},"end":{"line":183,"column":60}},"48":{"start":{"line":184,"column":21},"end":{"line":184,"column":66}},"49":{"start":{"line":186,"column":2},"end":{"line":191,"column":5}},"50":{"start":{"line":194,"column":0},"end":{"line":194,"column":24}}},"fnMap":{"0":{"name":"(anonymous_0)","decl":{"start":{"line":10,"column":25},"end":{"line":10,"column":26}},"loc":{"start":{"line":10,"column":45},"end":{"line":66,"column":1}},"line":10},"1":{"name":"(anonymous_1)","decl":{"start":{"line":68,"column":22},"end":{"line":68,"column":23}},"loc":{"start":{"line":68,"column":42},"end":{"line":121,"column":1}},"line":68},"2":{"name":"(anonymous_2)","decl":{"start":{"line":124,"column":32},"end":{"line":124,"column":33}},"loc":{"start":{"line":124,"column":52},"end":{"line":179,"column":1}},"line":124},"3":{"name":"(anonymous_3)","decl":{"start":{"line":182,"column":22},"end":{"line":182,"column":23}},"loc":{"start":{"line":182,"column":42},"end":{"line":192,"column":1}},"line":182}},"branchMap":{"0":{"loc":{"start":{"line":12,"column":35},"end":{"line":12,"column":52}},"type":"default-arg","locations":[{"start":{"line":12,"column":42},"end":{"line":12,"column":52}}],"line":12},"1":{"loc":{"start":{"line":15,"column":4},"end":{"line":20,"column":5}},"type":"if","locations":[{"start":{"line":15,"column":4},"end":{"line":20,"column":5}},{"start":{},"end":{}}],"line":15},"2":{"loc":{"start":{"line":23,"column":4},"end":{"line":28,"column":5}},"type":"if","locations":[{"start":{"line":23,"column":4},"end":{"line":28,"column":5}},{"start":{},"end":{}}],"line":23},"3":{"loc":{"start":{"line":73,"column":4},"end":{"line":78,"column":5}},"type":"if","locations":[{"start":{"line":73,"column":4},"end":{"line":78,"column":5}},{"start":{},"end":{}}],"line":73},"4":{"loc":{"start":{"line":81,"column":4},"end":{"line":86,"column":5}},"type":"if","locations":[{"start":{"line":81,"column":4},"end":{"line":86,"column":5}},{"start":{},"end":{}}],"line":81},"5":{"loc":{"start":{"line":81,"column":8},"end":{"line":81,"column":42}},"type":"binary-expr","locations":[{"start":{"line":81,"column":8},"end":{"line":81,"column":16}},{"start":{"line":81,"column":20},"end":{"line":81,"column":42}}],"line":81},"6":{"loc":{"start":{"line":89,"column":4},"end":{"line":94,"column":5}},"type":"if","locations":[{"start":{"line":89,"column":4},"end":{"line":94,"column":5}},{"start":{},"end":{}}],"line":89},"7":{"loc":{"start":{"line":131,"column":4},"end":{"line":136,"column":5}},"type":"if","locations":[{"start":{"line":131,"column":4},"end":{"line":136,"column":5}},{"start":{},"end":{}}],"line":131},"8":{"loc":{"start":{"line":138,"column":4},"end":{"line":143,"column":5}},"type":"if","locations":[{"start":{"line":138,"column":4},"end":{"line":143,"column":5}},{"start":{},"end":{}}],"line":138},"9":{"loc":{"start":{"line":184,"column":21},"end":{"line":184,"column":66}},"type":"cond-expr","locations":[{"start":{"line":184,"column":38},"end":{"line":184,"column":49}},{"start":{"line":184,"column":52},"end":{"line":184,"column":66}}],"line":184}},"s":{"0":7,"1":7,"2":7,"3":7,"4":7,"5":7,"6":7,"7":7,"8":3,"9":3,"10":3,"11":0,"12":3,"13":3,"14":1,"15":2,"16":2,"17":2,"18":2,"19":2,"20":0,"21":7,"22":0,"23":0,"24":0,"25":0,"26":0,"27":0,"28":0,"29":0,"30":0,"31":0,"32":0,"33":0,"34":0,"35":7,"36":0,"37":0,"38":0,"39":0,"40":0,"41":0,"42":0,"43":0,"44":0,"45":0,"46":7,"47":3,"48":3,"49":3,"50":7},"f":{"0":3,"1":0,"2":0,"3":3},"b":{"0":[2],"1":[0,3],"2":[1,2],"3":[0,0],"4":[0,0],"5":[0,0],"6":[0,0],"7":[0,0],"8":[0,0],"9":[0,3]},"_coverageSchema":"1a1c01bbd47fc00a2c39e90264f33305004495a9","hash":"6a9d8728509f1b83bbc2cda4e5cacbf3a6de8eca"}
,"C:\\Users\\Hp\\OneDrive\\Desktop\\SmartWaste_NBO\\backend\\routes\\authMiddleware.js": {"path":"C:\\Users\\Hp\\OneDrive\\Desktop\\SmartWaste_NBO\\backend\\routes\\authMiddleware.js","statementMap":{"0":{"start":{"line":1,"column":12},"end":{"line":1,"column":35}},"1":{"start":{"line":2,"column":19},"end":{"line":2,"column":55}},"2":{"start":{"line":4,"column":13},"end":{"line":24,"column":1}},"3":{"start":{"line":5,"column":2},"end":{"line":23,"column":3}},"4":{"start":{"line":6,"column":18},"end":{"line":6,"column":69}},"5":{"start":{"line":8,"column":4},"end":{"line":13,"column":5}},"6":{"start":{"line":9,"column":6},"end":{"line":12,"column":9}},"7":{"start":{"line":15,"column":20},"end":{"line":15,"column":49}},"8":{"start":{"line":16,"column":4},"end":{"line":16,"column":23}},"9":{"start":{"line":17,"column":4},"end":{"line":17,"column":11}},"10":{"start":{"line":19,"column":4},"end":{"line":22,"column":7}},"11":{"start":{"line":26,"column":0},"end":{"line":26,"column":22}}},"fnMap":{"0":{"name":"(anonymous_0)","decl":{"start":{"line":4,"column":13},"end":{"line":4,"column":14}},"loc":{"start":{"line":4,"column":39},"end":{"line":24,"column":1}},"line":4}},"branchMap":{"0":{"loc":{"start":{"line":8,"column":4},"end":{"line":13,"column":5}},"type":"if","locations":[{"start":{"line":8,"column":4},"end":{"line":13,"column":5}},{"start":{},"end":{}}],"line":8}},"s":{"0":0,"1":0,"2":0,"3":0,"4":0,"5":0,"6":0,"7":0,"8":0,"9":0,"10":0,"11":0},"f":{"0":0},"b":{"0":[0,0]}}
,"C:\\Users\\Hp\\OneDrive\\Desktop\\SmartWaste_NBO\\backend\\routes\\collectors.js": {"path":"C:\\Users\\Hp\\OneDrive\\Desktop\\SmartWaste_NBO\\backend\\routes\\collectors.js","statementMap":{"0":{"start":{"line":1,"column":16},"end":{"line":1,"column":34}},"1":{"start":{"line":2,"column":18},"end":{"line":2,"column":48}},"2":{"start":{"line":3,"column":15},"end":{"line":3,"column":31}},"3":{"start":{"line":5,"column":0},"end":{"line":19,"column":3}},"4":{"start":{"line":6,"column":2},"end":{"line":18,"column":3}},"5":{"start":{"line":7,"column":23},"end":{"line":7,"column":69}},"6":{"start":{"line":8,"column":4},"end":{"line":11,"column":7}},"7":{"start":{"line":13,"column":4},"end":{"line":17,"column":7}},"8":{"start":{"line":21,"column":0},"end":{"line":45,"column":3}},"9":{"start":{"line":22,"column":2},"end":{"line":44,"column":3}},"10":{"start":{"line":23,"column":41},"end":{"line":23,"column":49}},"11":{"start":{"line":25,"column":25},"end":{"line":30,"column":6}},"12":{"start":{"line":32,"column":27},"end":{"line":32,"column":52}},"13":{"start":{"line":33,"column":4},"end":{"line":37,"column":7}},"14":{"start":{"line":39,"column":4},"end":{"line":43,"column":7}},"15":{"start":{"line":47,"column":0},"end":{"line":67,"column":3}},"16":{"start":{"line":48,"column":2},"end":{"line":66,"column":3}},"17":{"start":{"line":49,"column":30},"end":{"line":49,"column":38}},"18":{"start":{"line":50,"column":22},"end":{"line":54,"column":5}},"19":{"start":{"line":55,"column":4},"end":{"line":59,"column":7}},"20":{"start":{"line":61,"column":4},"end":{"line":65,"column":7}},"21":{"start":{"line":69,"column":0},"end":{"line":83,"column":3}},"22":{"start":{"line":70,"column":2},"end":{"line":82,"column":3}},"23":{"start":{"line":71,"column":4},"end":{"line":71,"column":53}},"24":{"start":{"line":72,"column":4},"end":{"line":75,"column":7}},"25":{"start":{"line":77,"column":4},"end":{"line":81,"column":7}},"26":{"start":{"line":85,"column":0},"end":{"line":106,"column":3}},"27":{"start":{"line":86,"column":2},"end":{"line":105,"column":3}},"28":{"start":{"line":87,"column":22},"end":{"line":87,"column":61}},"29":{"start":{"line":88,"column":4},"end":{"line":93,"column":5}},"30":{"start":{"line":89,"column":6},"end":{"line":92,"column":9}},"31":{"start":{"line":95,"column":4},"end":{"line":98,"column":7}},"32":{"start":{"line":100,"column":4},"end":{"line":104,"column":7}},"33":{"start":{"line":108,"column":0},"end":{"line":147,"column":3}},"34":{"start":{"line":109,"column":2},"end":{"line":146,"column":3}},"35":{"start":{"line":110,"column":23},"end":{"line":110,"column":31}},"36":{"start":{"line":111,"column":22},"end":{"line":111,"column":70}},"37":{"start":{"line":113,"column":4},"end":{"line":118,"column":5}},"38":{"start":{"line":114,"column":6},"end":{"line":117,"column":9}},"39":{"start":{"line":120,"column":18},"end":{"line":120,"column":65}},"40":{"start":{"line":121,"column":4},"end":{"line":126,"column":5}},"41":{"start":{"line":122,"column":6},"end":{"line":125,"column":9}},"42":{"start":{"line":128,"column":4},"end":{"line":128,"column":26}},"43":{"start":{"line":129,"column":4},"end":{"line":131,"column":5}},"44":{"start":{"line":130,"column":6},"end":{"line":130,"column":37}},"45":{"start":{"line":133,"column":4},"end":{"line":133,"column":27}},"46":{"start":{"line":135,"column":4},"end":{"line":139,"column":7}},"47":{"start":{"line":141,"column":4},"end":{"line":145,"column":7}},"48":{"start":{"line":149,"column":0},"end":{"line":170,"column":3}},"49":{"start":{"line":150,"column":2},"end":{"line":169,"column":3}},"50":{"start":{"line":151,"column":22},"end":{"line":151,"column":61}},"51":{"start":{"line":152,"column":4},"end":{"line":157,"column":5}},"52":{"start":{"line":153,"column":6},"end":{"line":156,"column":9}},"53":{"start":{"line":159,"column":4},"end":{"line":162,"column":7}},"54":{"start":{"line":164,"column":4},"end":{"line":168,"column":7}},"55":{"start":{"line":172,"column":0},"end":{"line":238,"column":3}},"56":{"start":{"line":173,"column":2},"end":{"line":237,"column":3}},"57":{"start":{"line":174,"column":22},"end":{"line":174,"column":61}},"58":{"start":{"line":175,"column":4},"end":{"line":180,"column":5}},"59":{"start":{"line":176,"column":6},"end":{"line":179,"column":9}},"60":{"start":{"line":182,"column":26},"end":{"line":188,"column":5}},"61":{"start":{"line":184,"column":8},"end":{"line":187,"column":38}},"62":{"start":{"line":190,"column":4},"end":{"line":196,"column":5}},"63":{"start":{"line":191,"column":6},"end":{"line":195,"column":9}},"64":{"start":{"line":198,"column":22},"end":{"line":213,"column":5}},"65":{"start":{"line":215,"column":4},"end":{"line":220,"column":7}},"66":{"start":{"line":222,"column":4},"end":{"line":222,"column":45}},"67":{"start":{"line":223,"column":4},"end":{"line":223,"column":27}},"68":{"start":{"line":225,"column":4},"end":{"line":229,"column":7}},"69":{"start":{"line":231,"column":4},"end":{"line":231,"column":53}},"70":{"start":{"line":232,"column":4},"end":{"line":236,"column":7}},"71":{"start":{"line":240,"column":0},"end":{"line":276,"column":3}},"72":{"start":{"line":241,"column":2},"end":{"line":275,"column":3}},"73":{"start":{"line":242,"column":22},"end":{"line":242,"column":70}},"74":{"start":{"line":244,"column":4},"end":{"line":249,"column":5}},"75":{"start":{"line":245,"column":6},"end":{"line":248,"column":9}},"76":{"start":{"line":251,"column":23},"end":{"line":253,"column":5}},"77":{"start":{"line":252,"column":15},"end":{"line":252,"column":58}},"78":{"start":{"line":255,"column":4},"end":{"line":260,"column":5}},"79":{"start":{"line":256,"column":6},"end":{"line":259,"column":9}},"80":{"start":{"line":262,"column":4},"end":{"line":262,"column":51}},"81":{"start":{"line":263,"column":4},"end":{"line":263,"column":27}},"82":{"start":{"line":265,"column":4},"end":{"line":268,"column":7}},"83":{"start":{"line":270,"column":4},"end":{"line":274,"column":7}},"84":{"start":{"line":278,"column":0},"end":{"line":278,"column":24}}},"fnMap":{"0":{"name":"(anonymous_0)","decl":{"start":{"line":5,"column":16},"end":{"line":5,"column":17}},"loc":{"start":{"line":5,"column":36},"end":{"line":19,"column":1}},"line":5},"1":{"name":"(anonymous_1)","decl":{"start":{"line":21,"column":17},"end":{"line":21,"column":18}},"loc":{"start":{"line":21,"column":37},"end":{"line":45,"column":1}},"line":21},"2":{"name":"(anonymous_2)","decl":{"start":{"line":47,"column":26},"end":{"line":47,"column":27}},"loc":{"start":{"line":47,"column":46},"end":{"line":67,"column":1}},"line":47},"3":{"name":"(anonymous_3)","decl":{"start":{"line":69,"column":22},"end":{"line":69,"column":23}},"loc":{"start":{"line":69,"column":42},"end":{"line":83,"column":1}},"line":69},"4":{"name":"(anonymous_4)","decl":{"start":{"line":85,"column":26},"end":{"line":85,"column":27}},"loc":{"start":{"line":85,"column":46},"end":{"line":106,"column":1}},"line":85},"5":{"name":"(anonymous_5)","decl":{"start":{"line":108,"column":51},"end":{"line":108,"column":52}},"loc":{"start":{"line":108,"column":71},"end":{"line":147,"column":1}},"line":108},"6":{"name":"(anonymous_6)","decl":{"start":{"line":149,"column":31},"end":{"line":149,"column":32}},"loc":{"start":{"line":149,"column":51},"end":{"line":170,"column":1}},"line":149},"7":{"name":"(anonymous_7)","decl":{"start":{"line":172,"column":33},"end":{"line":172,"column":34}},"loc":{"start":{"line":172,"column":53},"end":{"line":238,"column":1}},"line":172},"8":{"name":"(anonymous_8)","decl":{"start":{"line":183,"column":6},"end":{"line":183,"column":7}},"loc":{"start":{"line":184,"column":8},"end":{"line":187,"column":38}},"line":184},"9":{"name":"(anonymous_9)","decl":{"start":{"line":240,"column":47},"end":{"line":240,"column":48}},"loc":{"start":{"line":240,"column":67},"end":{"line":276,"column":1}},"line":240},"10":{"name":"(anonymous_10)","decl":{"start":{"line":252,"column":6},"end":{"line":252,"column":7}},"loc":{"start":{"line":252,"column":15},"end":{"line":252,"column":58}},"line":252}},"branchMap":{"0":{"loc":{"start":{"line":88,"column":4},"end":{"line":93,"column":5}},"type":"if","locations":[{"start":{"line":88,"column":4},"end":{"line":93,"column":5}},{"start":{},"end":{}}],"line":88},"1":{"loc":{"start":{"line":97,"column":14},"end":{"line":97,"column":44}},"type":"binary-expr","locations":[{"start":{"line":97,"column":14},"end":{"line":97,"column":38}},{"start":{"line":97,"column":42},"end":{"line":97,"column":44}}],"line":97},"2":{"loc":{"start":{"line":113,"column":4},"end":{"line":118,"column":5}},"type":"if","locations":[{"start":{"line":113,"column":4},"end":{"line":118,"column":5}},{"start":{},"end":{}}],"line":113},"3":{"loc":{"start":{"line":121,"column":4},"end":{"line":126,"column":5}},"type":"if","locations":[{"start":{"line":121,"column":4},"end":{"line":126,"column":5}},{"start":{},"end":{}}],"line":121},"4":{"loc":{"start":{"line":129,"column":4},"end":{"line":131,"column":5}},"type":"if","locations":[{"start":{"line":129,"column":4},"end":{"line":131,"column":5}},{"start":{},"end":{}}],"line":129},"5":{"loc":{"start":{"line":152,"column":4},"end":{"line":157,"column":5}},"type":"if","locations":[{"start":{"line":152,"column":4},"end":{"line":157,"column":5}},{"start":{},"end":{}}],"line":152},"6":{"loc":{"start":{"line":175,"column":4},"end":{"line":180,"column":5}},"type":"if","locations":[{"start":{"line":175,"column":4},"end":{"line":180,"column":5}},{"start":{},"end":{}}],"line":175},"7":{"loc":{"start":{"line":184,"column":8},"end":{"line":187,"column":38}},"type":"binary-expr","locations":[{"start":{"line":184,"column":8},"end":{"line":184,"column":42}},{"start":{"line":185,"column":9},"end":{"line":185,"column":47}},{"start":{"line":186,"column":9},"end":{"line":186,"column":55}},{"start":{"line":187,"column":9},"end":{"line":187,"column":37}}],"line":184},"8":{"loc":{"start":{"line":190,"column":4},"end":{"line":196,"column":5}},"type":"if","locations":[{"start":{"line":190,"column":4},"end":{"line":196,"column":5}},{"start":{},"end":{}}],"line":190},"9":{"loc":{"start":{"line":206,"column":14},"end":{"line":206,"column":44}},"type":"binary-expr","locations":[{"start":{"line":206,"column":14},"end":{"line":206,"column":29}},{"start":{"line":206,"column":33},"end":{"line":206,"column":44}}],"line":206},"10":{"loc":{"start":{"line":244,"column":4},"end":{"line":249,"column":5}},"type":"if","locations":[{"start":{"line":244,"column":4},"end":{"line":249,"column":5}},{"start":{},"end":{}}],"line":244},"11":{"loc":{"start":{"line":255,"column":4},"end":{"line":260,"column":5}},"type":"if","locations":[{"start":{"line":255,"column":4},"end":{"line":260,"column":5}},{"start":{},"end":{}}],"line":255}},"s":{"0":7,"1":7,"2":7,"3":7,"4":2,"5":2,"6":1,"7":0,"8":7,"9":3,"10":3,"11":3,"12":3,"13":3,"14":0,"15":7,"16":0,"17":0,"18":0,"19":0,"20":0,"21":7,"22":0,"23":0,"24":0,"25":0,"26":7,"27":0,"28":0,"29":0,"30":0,"31":0,"32":0,"33":7,"34":1,"35":1,"36":1,"37":1,"38":0,"39":1,"40":1,"41":1,"42":0,"43":0,"44":0,"45":0,"46":0,"47":0,"48":7,"49":0,"50":0,"51":0,"52":0,"53":0,"54":0,"55":7,"56":2,"57":2,"58":2,"59":0,"60":2,"61":0,"62":2,"63":0,"64":2,"65":2,"66":2,"67":2,"68":2,"69":0,"70":0,"71":7,"72":0,"73":0,"74":0,"75":0,"76":0,"77":0,"78":0,"79":0,"80":0,"81":0,"82":0,"83":0,"84":7},"f":{"0":2,"1":3,"2":0,"3":0,"4":0,"5":1,"6":0,"7":2,"8":0,"9":0,"10":0},"b":{"0":[0,0],"1":[0,0],"2":[0,1],"3":[1,0],"4":[0,0],"5":[0,0],"6":[0,2],"7":[0,0,0,0],"8":[0,2],"9":[2,0],"10":[0,0],"11":[0,0]},"_coverageSchema":"1a1c01bbd47fc00a2c39e90264f33305004495a9","hash":"5642c04cc422cccdb7055f39d1519273c1c11b64"}
,"C:\\Users\\Hp\\OneDrive\\Desktop\\SmartWaste_NBO\\backend\\routes\\feedback.js": {"path":"C:\\Users\\Hp\\OneDrive\\Desktop\\SmartWaste_NBO\\backend\\routes\\feedback.js","statementMap":{"0":{"start":{"line":1,"column":16},"end":{"line":1,"column":34}},"1":{"start":{"line":2,"column":17},"end":{"line":2,"column":46}},"2":{"start":{"line":3,"column":15},"end":{"line":3,"column":31}},"3":{"start":{"line":4,"column":17},"end":{"line":4,"column":36}},"4":{"start":{"line":6,"column":0},"end":{"line":47,"column":3}},"5":{"start":{"line":7,"column":2},"end":{"line":46,"column":3}},"6":{"start":{"line":8,"column":45},"end":{"line":8,"column":53}},"7":{"start":{"line":10,"column":4},"end":{"line":10,"column":74}},"8":{"start":{"line":12,"column":4},"end":{"line":17,"column":5}},"9":{"start":{"line":13,"column":6},"end":{"line":16,"column":9}},"10":{"start":{"line":19,"column":4},"end":{"line":24,"column":5}},"11":{"start":{"line":20,"column":6},"end":{"line":23,"column":9}},"12":{"start":{"line":26,"column":24},"end":{"line":30,"column":6}},"13":{"start":{"line":32,"column":26},"end":{"line":32,"column":50}},"14":{"start":{"line":34,"column":4},"end":{"line":38,"column":7}},"15":{"start":{"line":40,"column":4},"end":{"line":40,"column":61}},"16":{"start":{"line":41,"column":4},"end":{"line":45,"column":7}},"17":{"start":{"line":49,"column":0},"end":{"line":67,"column":3}},"18":{"start":{"line":50,"column":2},"end":{"line":66,"column":3}},"19":{"start":{"line":51,"column":21},"end":{"line":53,"column":30}},"20":{"start":{"line":55,"column":4},"end":{"line":59,"column":7}},"21":{"start":{"line":61,"column":4},"end":{"line":65,"column":7}},"22":{"start":{"line":69,"column":0},"end":{"line":96,"column":3}},"23":{"start":{"line":70,"column":2},"end":{"line":95,"column":3}},"24":{"start":{"line":71,"column":23},"end":{"line":71,"column":33}},"25":{"start":{"line":73,"column":4},"end":{"line":78,"column":5}},"26":{"start":{"line":74,"column":6},"end":{"line":77,"column":9}},"27":{"start":{"line":80,"column":21},"end":{"line":82,"column":30}},"28":{"start":{"line":84,"column":4},"end":{"line":88,"column":7}},"29":{"start":{"line":90,"column":4},"end":{"line":94,"column":7}},"30":{"start":{"line":98,"column":0},"end":{"line":98,"column":24}}},"fnMap":{"0":{"name":"(anonymous_0)","decl":{"start":{"line":6,"column":23},"end":{"line":6,"column":24}},"loc":{"start":{"line":6,"column":43},"end":{"line":47,"column":1}},"line":6},"1":{"name":"(anonymous_1)","decl":{"start":{"line":49,"column":19},"end":{"line":49,"column":20}},"loc":{"start":{"line":49,"column":39},"end":{"line":67,"column":1}},"line":49},"2":{"name":"(anonymous_2)","decl":{"start":{"line":69,"column":28},"end":{"line":69,"column":29}},"loc":{"start":{"line":69,"column":48},"end":{"line":96,"column":1}},"line":69}},"branchMap":{"0":{"loc":{"start":{"line":12,"column":4},"end":{"line":17,"column":5}},"type":"if","locations":[{"start":{"line":12,"column":4},"end":{"line":17,"column":5}},{"start":{},"end":{}}],"line":12},"1":{"loc":{"start":{"line":12,"column":8},"end":{"line":12,"column":43}},"type":"binary-expr","locations":[{"start":{"line":12,"column":8},"end":{"line":12,"column":15}},{"start":{"line":12,"column":19},"end":{"line":12,"column":27}},{"start":{"line":12,"column":31},"end":{"line":12,"column":43}}],"line":12},"2":{"loc":{"start":{"line":19,"column":4},"end":{"line":24,"column":5}},"type":"if","locations":[{"start":{"line":19,"column":4},"end":{"line":24,"column":5}},{"start":{},"end":{}}],"line":19},"3":{"loc":{"start":{"line":19,"column":8},"end":{"line":19,"column":32}},"type":"binary-expr","locations":[{"start":{"line":19,"column":8},"end":{"line":19,"column":18}},{"start":{"line":19,"column":22},"end":{"line":19,"column":32}}],"line":19},"4":{"loc":{"start":{"line":73,"column":4},"end":{"line":78,"column":5}},"type":"if","locations":[{"start":{"line":73,"column":4},"end":{"line":78,"column":5}},{"start":{},"end":{}}],"line":73}},"s":{"0":7,"1":7,"2":7,"3":7,"4":7,"5":0,"6":0,"7":0,"8":0,"9":0,"10":0,"11":0,"12":0,"13":0,"14":0,"15":0,"16":0,"17":7,"18":0,"19":0,"20":0,"21":0,"22":7,"23":0,"24":0,"25":0,"26":0,"27":0,"28":0,"29":0,"30":7},"f":{"0":0,"1":0,"2":0},"b":{"0":[0,0],"1":[0,0,0],"2":[0,0],"3":[0,0],"4":[0,0]},"_coverageSchema":"1a1c01bbd47fc00a2c39e90264f33305004495a9","hash":"ca15f2d337bfe90c57ac2b66c0e4db75189da8bd"}
,"C:\\Users\\Hp\\OneDrive\\Desktop\\SmartWaste_NBO\\backend\\routes\\optimization.js": {"path":"C:\\Users\\Hp\\OneDrive\\Desktop\\SmartWaste_NBO\\backend\\routes\\optimization.js","statementMap":{"0":{"start":{"line":1,"column":16},"end":{"line":1,"column":34}},"1":{"start":{"line":2,"column":15},"end":{"line":2,"column":42}},"2":{"start":{"line":3,"column":15},"end":{"line":3,"column":31}},"3":{"start":{"line":5,"column":0},"end":{"line":43,"column":3}},"4":{"start":{"line":6,"column":2},"end":{"line":42,"column":3}},"5":{"start":{"line":7,"column":42},"end":{"line":7,"column":50}},"6":{"start":{"line":9,"column":4},"end":{"line":9,"column":53}},"7":{"start":{"line":11,"column":23},"end":{"line":11,"column":52}},"8":{"start":{"line":13,"column":21},"end":{"line":13,"column":41}},"9":{"start":{"line":14,"column":29},"end":{"line":16,"column":5}},"10":{"start":{"line":15,"column":6},"end":{"line":15,"column":37}},"11":{"start":{"line":18,"column":4},"end":{"line":18,"column":60}},"12":{"start":{"line":20,"column":4},"end":{"line":25,"column":5}},"13":{"start":{"line":21,"column":6},"end":{"line":24,"column":9}},"14":{"start":{"line":27,"column":28},"end":{"line":27,"column":84}},"15":{"start":{"line":29,"column":4},"end":{"line":33,"column":7}},"16":{"start":{"line":36,"column":4},"end":{"line":36,"column":46}},"17":{"start":{"line":37,"column":4},"end":{"line":41,"column":7}},"18":{"start":{"line":45,"column":32},"end":{"line":86,"column":1}},"19":{"start":{"line":46,"column":2},"end":{"line":46,"column":55}},"20":{"start":{"line":46,"column":29},"end":{"line":46,"column":55}},"21":{"start":{"line":48,"column":17},"end":{"line":48,"column":19}},"22":{"start":{"line":50,"column":2},"end":{"line":83,"column":3}},"23":{"start":{"line":51,"column":4},"end":{"line":59,"column":7}},"24":{"start":{"line":61,"column":27},"end":{"line":61,"column":76}},"25":{"start":{"line":62,"column":27},"end":{"line":62,"column":73}},"26":{"start":{"line":64,"column":4},"end":{"line":72,"column":7}},"27":{"start":{"line":74,"column":4},"end":{"line":82,"column":7}},"28":{"start":{"line":85,"column":2},"end":{"line":85,"column":16}},"29":{"start":{"line":88,"column":27},"end":{"line":119,"column":1}},"30":{"start":{"line":89,"column":2},"end":{"line":118,"column":4}},"31":{"start":{"line":121,"column":25},"end":{"line":148,"column":1}},"32":{"start":{"line":122,"column":2},"end":{"line":147,"column":4}},"33":{"start":{"line":150,"column":0},"end":{"line":150,"column":24}}},"fnMap":{"0":{"name":"(anonymous_0)","decl":{"start":{"line":5,"column":32},"end":{"line":5,"column":33}},"loc":{"start":{"line":5,"column":52},"end":{"line":43,"column":1}},"line":5},"1":{"name":"(anonymous_1)","decl":{"start":{"line":14,"column":45},"end":{"line":14,"column":46}},"loc":{"start":{"line":15,"column":6},"end":{"line":15,"column":37}},"line":15},"2":{"name":"(anonymous_2)","decl":{"start":{"line":45,"column":32},"end":{"line":45,"column":33}},"loc":{"start":{"line":45,"column":78},"end":{"line":86,"column":1}},"line":45},"3":{"name":"(anonymous_3)","decl":{"start":{"line":88,"column":27},"end":{"line":88,"column":28}},"loc":{"start":{"line":88,"column":33},"end":{"line":119,"column":1}},"line":88},"4":{"name":"(anonymous_4)","decl":{"start":{"line":121,"column":25},"end":{"line":121,"column":26}},"loc":{"start":{"line":121,"column":31},"end":{"line":148,"column":1}},"line":121}},"branchMap":{"0":{"loc":{"start":{"line":20,"column":4},"end":{"line":25,"column":5}},"type":"if","locations":[{"start":{"line":20,"column":4},"end":{"line":25,"column":5}},{"start":{},"end":{}}],"line":20},"1":{"loc":{"start":{"line":45,"column":43},"end":{"line":45,"column":73}},"type":"default-arg","locations":[{"start":{"line":45,"column":51},"end":{"line":45,"column":73}}],"line":45},"2":{"loc":{"start":{"line":46,"column":2},"end":{"line":46,"column":55}},"type":"if","locations":[{"start":{"line":46,"column":2},"end":{"line":46,"column":55}},{"start":{},"end":{}}],"line":46},"3":{"loc":{"start":{"line":50,"column":2},"end":{"line":83,"column":3}},"type":"if","locations":[{"start":{"line":50,"column":2},"end":{"line":83,"column":3}},{"start":{"line":60,"column":9},"end":{"line":83,"column":3}}],"line":50},"4":{"loc":{"start":{"line":58,"column":16},"end":{"line":58,"column":49}},"type":"binary-expr","locations":[{"start":{"line":58,"column":16},"end":{"line":58,"column":37}},{"start":{"line":58,"column":41},"end":{"line":58,"column":49}}],"line":58}},"s":{"0":7,"1":7,"2":7,"3":7,"4":0,"5":0,"6":0,"7":0,"8":0,"9":0,"10":0,"11":0,"12":0,"13":0,"14":0,"15":0,"16":0,"17":0,"18":7,"19":0,"20":0,"21":0,"22":0,"23":0,"24":0,"25":0,"26":0,"27":0,"28":0,"29":7,"30":0,"31":7,"32":0,"33":7},"f":{"0":0,"1":0,"2":0,"3":0,"4":0},"b":{"0":[0,0],"1":[0],"2":[0,0],"3":[0,0],"4":[0,0]},"_coverageSchema":"1a1c01bbd47fc00a2c39e90264f33305004495a9","hash":"68fb59fcef237834a34df147e651ee1b63954282"}
,"C:\\Users\\Hp\\OneDrive\\Desktop\\SmartWaste_NBO\\backend\\routes\\reports.js": {"path":"C:\\Users\\Hp\\OneDrive\\Desktop\\SmartWaste_NBO\\backend\\routes\\reports.js","statementMap":{"0":{"start":{"line":1,"column":16},"end":{"line":1,"column":34}},"1":{"start":{"line":2,"column":15},"end":{"line":2,"column":42}},"2":{"start":{"line":3,"column":15},"end":{"line":3,"column":31}},"3":{"start":{"line":4,"column":17},"end":{"line":4,"column":36}},"4":{"start":{"line":6,"column":0},"end":{"line":63,"column":3}},"5":{"start":{"line":7,"column":2},"end":{"line":62,"column":3}},"6":{"start":{"line":8,"column":4},"end":{"line":8,"column":87}},"7":{"start":{"line":12,"column":4},"end":{"line":19,"column":5}},"8":{"start":{"line":13,"column":6},"end":{"line":13,"column":110}},"9":{"start":{"line":14,"column":6},"end":{"line":14,"column":48}},"10":{"start":{"line":15,"column":6},"end":{"line":15,"column":49}},"11":{"start":{"line":17,"column":6},"end":{"line":17,"column":85}},"12":{"start":{"line":18,"column":6},"end":{"line":18,"column":47}},"13":{"start":{"line":21,"column":4},"end":{"line":26,"column":5}},"14":{"start":{"line":22,"column":6},"end":{"line":25,"column":9}},"15":{"start":{"line":28,"column":22},"end":{"line":28,"column":83}},"16":{"start":{"line":29,"column":25},"end":{"line":29,"column":128}},"17":{"start":{"line":31,"column":22},"end":{"line":42,"column":6}},"18":{"start":{"line":44,"column":24},"end":{"line":44,"column":46}},"19":{"start":{"line":46,"column":4},"end":{"line":46,"column":81}},"20":{"start":{"line":48,"column":4},"end":{"line":52,"column":7}},"21":{"start":{"line":55,"column":4},"end":{"line":55,"column":46}},"22":{"start":{"line":57,"column":4},"end":{"line":61,"column":7}},"23":{"start":{"line":65,"column":0},"end":{"line":80,"column":3}},"24":{"start":{"line":66,"column":2},"end":{"line":79,"column":3}},"25":{"start":{"line":67,"column":20},"end":{"line":67,"column":63}},"26":{"start":{"line":68,"column":4},"end":{"line":72,"column":7}},"27":{"start":{"line":74,"column":4},"end":{"line":78,"column":7}},"28":{"start":{"line":82,"column":0},"end":{"line":109,"column":3}},"29":{"start":{"line":83,"column":2},"end":{"line":108,"column":3}},"30":{"start":{"line":84,"column":23},"end":{"line":84,"column":33}},"31":{"start":{"line":86,"column":4},"end":{"line":91,"column":5}},"32":{"start":{"line":87,"column":6},"end":{"line":90,"column":9}},"33":{"start":{"line":93,"column":20},"end":{"line":95,"column":30}},"34":{"start":{"line":97,"column":4},"end":{"line":101,"column":7}},"35":{"start":{"line":103,"column":4},"end":{"line":107,"column":7}},"36":{"start":{"line":111,"column":0},"end":{"line":168,"column":3}},"37":{"start":{"line":112,"column":2},"end":{"line":167,"column":3}},"38":{"start":{"line":113,"column":25},"end":{"line":113,"column":35}},"39":{"start":{"line":114,"column":33},"end":{"line":114,"column":41}},"40":{"start":{"line":116,"column":4},"end":{"line":116,"column":49}},"41":{"start":{"line":117,"column":4},"end":{"line":117,"column":57}},"42":{"start":{"line":119,"column":4},"end":{"line":124,"column":5}},"43":{"start":{"line":120,"column":6},"end":{"line":123,"column":9}},"44":{"start":{"line":126,"column":23},"end":{"line":126,"column":25}},"45":{"start":{"line":127,"column":4},"end":{"line":127,"column":49}},"46":{"start":{"line":127,"column":18},"end":{"line":127,"column":49}},"47":{"start":{"line":128,"column":4},"end":{"line":128,"column":43}},"48":{"start":{"line":128,"column":16},"end":{"line":128,"column":43}},"49":{"start":{"line":130,"column":4},"end":{"line":135,"column":5}},"50":{"start":{"line":131,"column":6},"end":{"line":134,"column":9}},"51":{"start":{"line":137,"column":26},"end":{"line":141,"column":5}},"52":{"start":{"line":143,"column":4},"end":{"line":148,"column":5}},"53":{"start":{"line":144,"column":6},"end":{"line":147,"column":9}},"54":{"start":{"line":150,"column":4},"end":{"line":150,"column":69}},"55":{"start":{"line":151,"column":4},"end":{"line":151,"column":60}},"56":{"start":{"line":153,"column":4},"end":{"line":157,"column":7}},"57":{"start":{"line":160,"column":4},"end":{"line":160,"column":42}},"58":{"start":{"line":162,"column":4},"end":{"line":166,"column":7}},"59":{"start":{"line":170,"column":0},"end":{"line":170,"column":24}}},"fnMap":{"0":{"name":"(anonymous_0)","decl":{"start":{"line":6,"column":23},"end":{"line":6,"column":24}},"loc":{"start":{"line":6,"column":43},"end":{"line":63,"column":1}},"line":6},"1":{"name":"(anonymous_1)","decl":{"start":{"line":65,"column":19},"end":{"line":65,"column":20}},"loc":{"start":{"line":65,"column":39},"end":{"line":80,"column":1}},"line":65},"2":{"name":"(anonymous_2)","decl":{"start":{"line":82,"column":28},"end":{"line":82,"column":29}},"loc":{"start":{"line":82,"column":48},"end":{"line":109,"column":1}},"line":82},"3":{"name":"(anonymous_3)","decl":{"start":{"line":111,"column":25},"end":{"line":111,"column":26}},"loc":{"start":{"line":111,"column":45},"end":{"line":168,"column":1}},"line":111}},"branchMap":{"0":{"loc":{"start":{"line":12,"column":4},"end":{"line":19,"column":5}},"type":"if","locations":[{"start":{"line":12,"column":4},"end":{"line":19,"column":5}},{"start":{"line":16,"column":11},"end":{"line":19,"column":5}}],"line":12},"1":{"loc":{"start":{"line":12,"column":8},"end":{"line":12,"column":95}},"type":"binary-expr","locations":[{"start":{"line":12,"column":8},"end":{"line":12,"column":35}},{"start":{"line":12,"column":39},"end":{"line":12,"column":95}}],"line":12},"2":{"loc":{"start":{"line":21,"column":4},"end":{"line":26,"column":5}},"type":"if","locations":[{"start":{"line":21,"column":4},"end":{"line":26,"column":5}},{"start":{},"end":{}}],"line":21},"3":{"loc":{"start":{"line":21,"column":8},"end":{"line":21,"column":31}},"type":"binary-expr","locations":[{"start":{"line":21,"column":8},"end":{"line":21,"column":20}},{"start":{"line":21,"column":24},"end":{"line":21,"column":31}}],"line":21},"4":{"loc":{"start":{"line":28,"column":22},"end":{"line":28,"column":83}},"type":"cond-expr","locations":[{"start":{"line":28,"column":52},"end":{"line":28,"column":58}},{"start":{"line":28,"column":62},"end":{"line":28,"column":82}}],"line":28},"5":{"loc":{"start":{"line":28,"column":22},"end":{"line":28,"column":49}},"type":"binary-expr","locations":[{"start":{"line":28,"column":22},"end":{"line":28,"column":28}},{"start":{"line":28,"column":32},"end":{"line":28,"column":49}}],"line":28},"6":{"loc":{"start":{"line":28,"column":62},"end":{"line":28,"column":82}},"type":"cond-expr","locations":[{"start":{"line":28,"column":70},"end":{"line":28,"column":77}},{"start":{"line":28,"column":80},"end":{"line":28,"column":82}}],"line":28},"7":{"loc":{"start":{"line":29,"column":25},"end":{"line":29,"column":128}},"type":"cond-expr","locations":[{"start":{"line":29,"column":48},"end":{"line":29,"column":60}},{"start":{"line":29,"column":63},"end":{"line":29,"column":128}}],"line":29},"8":{"loc":{"start":{"line":36,"column":17},"end":{"line":36,"column":39}},"type":"binary-expr","locations":[{"start":{"line":36,"column":17},"end":{"line":36,"column":26}},{"start":{"line":36,"column":30},"end":{"line":36,"column":39}}],"line":36},"9":{"loc":{"start":{"line":86,"column":4},"end":{"line":91,"column":5}},"type":"if","locations":[{"start":{"line":86,"column":4},"end":{"line":91,"column":5}},{"start":{},"end":{}}],"line":86},"10":{"loc":{"start":{"line":119,"column":4},"end":{"line":124,"column":5}},"type":"if","locations":[{"start":{"line":119,"column":4},"end":{"line":124,"column":5}},{"start":{},"end":{}}],"line":119},"11":{"loc":{"start":{"line":127,"column":4},"end":{"line":127,"column":49}},"type":"if","locations":[{"start":{"line":127,"column":4},"end":{"line":127,"column":49}},{"start":{},"end":{}}],"line":127},"12":{"loc":{"start":{"line":128,"column":4},"end":{"line":128,"column":43}},"type":"if","locations":[{"start":{"line":128,"column":4},"end":{"line":128,"column":43}},{"start":{},"end":{}}],"line":128},"13":{"loc":{"start":{"line":130,"column":4},"end":{"line":135,"column":5}},"type":"if","locations":[{"start":{"line":130,"column":4},"end":{"line":135,"column":5}},{"start":{},"end":{}}],"line":130},"14":{"loc":{"start":{"line":143,"column":4},"end":{"line":148,"column":5}},"type":"if","locations":[{"start":{"line":143,"column":4},"end":{"line":148,"column":5}},{"start":{},"end":{}}],"line":143}},"s":{"0":7,"1":7,"2":7,"3":7,"4":7,"5":2,"6":2,"7":2,"8":2,"9":2,"10":2,"11":0,"12":0,"13":2,"14":0,"15":2,"16":2,"17":2,"18":2,"19":2,"20":2,"21":0,"22":0,"23":7,"24":2,"25":2,"26":1,"27":1,"28":7,"29":0,"30":0,"31":0,"32":0,"33":0,"34":0,"35":0,"36":7,"37":1,"38":1,"39":1,"40":1,"41":1,"42":1,"43":0,"44":1,"45":1,"46":1,"47":1,"48":1,"49":1,"50":0,"51":1,"52":1,"53":0,"54":1,"55":1,"56":1,"57":0,"58":0,"59":7},"f":{"0":2,"1":2,"2":0,"3":1},"b":{"0":[2,0],"1":[2,2],"2":[0,2],"3":[2,2],"4":[0,2],"5":[2,0],"6":[0,2],"7":[0,2],"8":[2,1],"9":[0,0],"10":[0,1],"11":[1,0],"12":[1,0],"13":[0,1],"14":[0,1]},"_coverageSchema":"1a1c01bbd47fc00a2c39e90264f33305004495a9","hash":"82dabf50077168bff42328dae38a004a6eacd5e9"}
,"C:\\Users\\Hp\\OneDrive\\Desktop\\SmartWaste_NBO\\backend\\routes\\schedules.js": {"path":"C:\\Users\\Hp\\OneDrive\\Desktop\\SmartWaste_NBO\\backend\\routes\\schedules.js","statementMap":{"0":{"start":{"line":1,"column":16},"end":{"line":1,"column":34}},"1":{"start":{"line":2,"column":17},"end":{"line":2,"column":46}},"2":{"start":{"line":3,"column":18},"end":{"line":3,"column":48}},"3":{"start":{"line":4,"column":15},"end":{"line":4,"column":31}},"4":{"start":{"line":6,"column":0},"end":{"line":13,"column":3}},"5":{"start":{"line":7,"column":2},"end":{"line":12,"column":3}},"6":{"start":{"line":8,"column":22},"end":{"line":8,"column":61}},"7":{"start":{"line":9,"column":4},"end":{"line":9,"column":43}},"8":{"start":{"line":11,"column":4},"end":{"line":11,"column":104}},"9":{"start":{"line":15,"column":0},"end":{"line":73,"column":3}},"10":{"start":{"line":16,"column":2},"end":{"line":72,"column":3}},"11":{"start":{"line":17,"column":86},"end":{"line":17,"column":94}},"12":{"start":{"line":20,"column":22},"end":{"line":20,"column":59}},"13":{"start":{"line":21,"column":4},"end":{"line":26,"column":5}},"14":{"start":{"line":22,"column":6},"end":{"line":25,"column":9}},"15":{"start":{"line":29,"column":28},"end":{"line":37,"column":5}},"16":{"start":{"line":40,"column":4},"end":{"line":40,"column":51}},"17":{"start":{"line":43,"column":4},"end":{"line":45,"column":5}},"18":{"start":{"line":44,"column":6},"end":{"line":44,"column":49}},"19":{"start":{"line":47,"column":4},"end":{"line":47,"column":27}},"20":{"start":{"line":50,"column":24},"end":{"line":59,"column":6}},"21":{"start":{"line":61,"column":26},"end":{"line":61,"column":50}},"22":{"start":{"line":63,"column":4},"end":{"line":68,"column":7}},"23":{"start":{"line":71,"column":4},"end":{"line":71,"column":103}},"24":{"start":{"line":75,"column":0},"end":{"line":114,"column":3}},"25":{"start":{"line":76,"column":2},"end":{"line":113,"column":3}},"26":{"start":{"line":77,"column":21},"end":{"line":77,"column":59}},"27":{"start":{"line":79,"column":4},"end":{"line":81,"column":5}},"28":{"start":{"line":80,"column":6},"end":{"line":80,"column":85}},"29":{"start":{"line":84,"column":4},"end":{"line":99,"column":5}},"30":{"start":{"line":85,"column":24},"end":{"line":85,"column":70}},"31":{"start":{"line":86,"column":6},"end":{"line":98,"column":7}},"32":{"start":{"line":87,"column":22},"end":{"line":87,"column":88}},"33":{"start":{"line":87,"column":57},"end":{"line":87,"column":87}},"34":{"start":{"line":88,"column":8},"end":{"line":97,"column":9}},"35":{"start":{"line":89,"column":10},"end":{"line":89,"column":37}},"36":{"start":{"line":90,"column":10},"end":{"line":90,"column":41}},"37":{"start":{"line":93,"column":10},"end":{"line":93,"column":53}},"38":{"start":{"line":94,"column":10},"end":{"line":94,"column":80}},"39":{"start":{"line":96,"column":10},"end":{"line":96,"column":33}},"40":{"start":{"line":102,"column":4},"end":{"line":102,"column":34}},"41":{"start":{"line":103,"column":28},"end":{"line":103,"column":49}},"42":{"start":{"line":105,"column":4},"end":{"line":109,"column":7}},"43":{"start":{"line":112,"column":4},"end":{"line":112,"column":105}},"44":{"start":{"line":117,"column":0},"end":{"line":143,"column":3}},"45":{"start":{"line":118,"column":2},"end":{"line":142,"column":3}},"46":{"start":{"line":119,"column":22},"end":{"line":119,"column":70}},"47":{"start":{"line":121,"column":4},"end":{"line":123,"column":5}},"48":{"start":{"line":122,"column":6},"end":{"line":122,"column":86}},"49":{"start":{"line":125,"column":25},"end":{"line":127,"column":5}},"50":{"start":{"line":126,"column":6},"end":{"line":126,"column":68}},"51":{"start":{"line":129,"column":4},"end":{"line":138,"column":7}},"52":{"start":{"line":141,"column":4},"end":{"line":141,"column":111}},"53":{"start":{"line":145,"column":0},"end":{"line":145,"column":24}}},"fnMap":{"0":{"name":"(anonymous_0)","decl":{"start":{"line":6,"column":16},"end":{"line":6,"column":17}},"loc":{"start":{"line":6,"column":36},"end":{"line":13,"column":1}},"line":6},"1":{"name":"(anonymous_1)","decl":{"start":{"line":15,"column":17},"end":{"line":15,"column":18}},"loc":{"start":{"line":15,"column":37},"end":{"line":73,"column":1}},"line":15},"2":{"name":"(anonymous_2)","decl":{"start":{"line":75,"column":28},"end":{"line":75,"column":29}},"loc":{"start":{"line":75,"column":48},"end":{"line":114,"column":1}},"line":75},"3":{"name":"(anonymous_3)","decl":{"start":{"line":87,"column":52},"end":{"line":87,"column":53}},"loc":{"start":{"line":87,"column":57},"end":{"line":87,"column":87}},"line":87},"4":{"name":"(anonymous_4)","decl":{"start":{"line":117,"column":38},"end":{"line":117,"column":39}},"loc":{"start":{"line":117,"column":58},"end":{"line":143,"column":1}},"line":117},"5":{"name":"(anonymous_5)","decl":{"start":{"line":125,"column":57},"end":{"line":125,"column":58}},"loc":{"start":{"line":126,"column":6},"end":{"line":126,"column":68}},"line":126}},"branchMap":{"0":{"loc":{"start":{"line":21,"column":4},"end":{"line":26,"column":5}},"type":"if","locations":[{"start":{"line":21,"column":4},"end":{"line":26,"column":5}},{"start":{},"end":{}}],"line":21},"1":{"loc":{"start":{"line":43,"column":4},"end":{"line":45,"column":5}},"type":"if","locations":[{"start":{"line":43,"column":4},"end":{"line":45,"column":5}},{"start":{},"end":{}}],"line":43},"2":{"loc":{"start":{"line":79,"column":4},"end":{"line":81,"column":5}},"type":"if","locations":[{"start":{"line":79,"column":4},"end":{"line":81,"column":5}},{"start":{},"end":{}}],"line":79},"3":{"loc":{"start":{"line":84,"column":4},"end":{"line":99,"column":5}},"type":"if","locations":[{"start":{"line":84,"column":4},"end":{"line":99,"column":5}},{"start":{},"end":{}}],"line":84},"4":{"loc":{"start":{"line":86,"column":6},"end":{"line":98,"column":7}},"type":"if","locations":[{"start":{"line":86,"column":6},"end":{"line":98,"column":7}},{"start":{},"end":{}}],"line":86},"5":{"loc":{"start":{"line":88,"column":8},"end":{"line":97,"column":9}},"type":"if","locations":[{"start":{"line":88,"column":8},"end":{"line":97,"column":9}},{"start":{},"end":{}}],"line":88},"6":{"loc":{"start":{"line":94,"column":53},"end":{"line":94,"column":78}},"type":"binary-expr","locations":[{"start":{"line":94,"column":53},"end":{"line":94,"column":73}},{"start":{"line":94,"column":77},"end":{"line":94,"column":78}}],"line":94},"7":{"loc":{"start":{"line":121,"column":4},"end":{"line":123,"column":5}},"type":"if","locations":[{"start":{"line":121,"column":4},"end":{"line":123,"column":5}},{"start":{},"end":{}}],"line":121},"8":{"loc":{"start":{"line":126,"column":6},"end":{"line":126,"column":68}},"type":"binary-expr","locations":[{"start":{"line":126,"column":6},"end":{"line":126,"column":34}},{"start":{"line":126,"column":38},"end":{"line":126,"column":68}}],"line":126}},"s":{"0":7,"1":7,"2":7,"3":7,"4":7,"5":1,"6":1,"7":0,"8":0,"9":7,"10":0,"11":0,"12":0,"13":0,"14":0,"15":0,"16":0,"17":0,"18":0,"19":0,"20":0,"21":0,"22":0,"23":0,"24":7,"25":0,"26":0,"27":0,"28":0,"29":0,"30":0,"31":0,"32":0,"33":0,"34":0,"35":0,"36":0,"37":0,"38":0,"39":0,"40":0,"41":0,"42":0,"43":0,"44":7,"45":0,"46":0,"47":0,"48":0,"49":0,"50":0,"51":0,"52":0,"53":7},"f":{"0":1,"1":0,"2":0,"3":0,"4":0,"5":0},"b":{"0":[0,0],"1":[0,0],"2":[0,0],"3":[0,0],"4":[0,0],"5":[0,0],"6":[0,0],"7":[0,0],"8":[0,0]},"_coverageSchema":"1a1c01bbd47fc00a2c39e90264f33305004495a9","hash":"385abc8c6b64474e20fb294ce076c408cdfddb34"}
,"C:\\Users\\Hp\\OneDrive\\Desktop\\SmartWaste_NBO\\backend\\routes\\users.js": {"path":"C:\\Users\\Hp\\OneDrive\\Desktop\\SmartWaste_NBO\\backend\\routes\\users.js","statementMap":{"0":{"start":{"line":1,"column":16},"end":{"line":1,"column":34}},"1":{"start":{"line":2,"column":13},"end":{"line":2,"column":38}},"2":{"start":{"line":3,"column":15},"end":{"line":3,"column":42}},"3":{"start":{"line":4,"column":15},"end":{"line":4,"column":31}},"4":{"start":{"line":6,"column":0},"end":{"line":31,"column":3}},"5":{"start":{"line":7,"column":2},"end":{"line":30,"column":3}},"6":{"start":{"line":8,"column":18},"end":{"line":8,"column":79}},"7":{"start":{"line":10,"column":29},"end":{"line":17,"column":7}},"8":{"start":{"line":11,"column":27},"end":{"line":11,"column":81}},"9":{"start":{"line":12,"column":6},"end":{"line":12,"column":77}},"10":{"start":{"line":13,"column":6},"end":{"line":16,"column":8}},"11":{"start":{"line":19,"column":4},"end":{"line":23,"column":7}},"12":{"start":{"line":25,"column":4},"end":{"line":29,"column":7}},"13":{"start":{"line":33,"column":0},"end":{"line":75,"column":3}},"14":{"start":{"line":34,"column":2},"end":{"line":74,"column":3}},"15":{"start":{"line":35,"column":23},"end":{"line":35,"column":50}},"16":{"start":{"line":36,"column":20},"end":{"line":36,"column":66}},"17":{"start":{"line":37,"column":24},"end":{"line":37,"column":84}},"18":{"start":{"line":39,"column":33},"end":{"line":56,"column":6}},"19":{"start":{"line":58,"column":29},"end":{"line":58,"column":64}},"20":{"start":{"line":60,"column":4},"end":{"line":67,"column":7}},"21":{"start":{"line":69,"column":4},"end":{"line":73,"column":7}},"22":{"start":{"line":77,"column":0},"end":{"line":96,"column":3}},"23":{"start":{"line":78,"column":2},"end":{"line":95,"column":3}},"24":{"start":{"line":79,"column":17},"end":{"line":83,"column":25}},"25":{"start":{"line":85,"column":4},"end":{"line":88,"column":7}},"26":{"start":{"line":90,"column":4},"end":{"line":94,"column":7}},"27":{"start":{"line":98,"column":0},"end":{"line":98,"column":24}}},"fnMap":{"0":{"name":"(anonymous_0)","decl":{"start":{"line":6,"column":16},"end":{"line":6,"column":17}},"loc":{"start":{"line":6,"column":36},"end":{"line":31,"column":1}},"line":6},"1":{"name":"(anonymous_1)","decl":{"start":{"line":10,"column":57},"end":{"line":10,"column":58}},"loc":{"start":{"line":10,"column":73},"end":{"line":17,"column":5}},"line":10},"2":{"name":"(anonymous_2)","decl":{"start":{"line":33,"column":21},"end":{"line":33,"column":22}},"loc":{"start":{"line":33,"column":41},"end":{"line":75,"column":1}},"line":33},"3":{"name":"(anonymous_3)","decl":{"start":{"line":77,"column":28},"end":{"line":77,"column":29}},"loc":{"start":{"line":77,"column":48},"end":{"line":96,"column":1}},"line":77}},"branchMap":{"0":{"loc":{"start":{"line":58,"column":29},"end":{"line":58,"column":64}},"type":"binary-expr","locations":[{"start":{"line":58,"column":29},"end":{"line":58,"column":59}},{"start":{"line":58,"column":63},"end":{"line":58,"column":64}}],"line":58}},"s":{"0":7,"1":7,"2":7,"3":7,"4":7,"5":1,"6":1,"7":0,"8":0,"9":0,"10":0,"11":0,"12":0,"13":7,"14":0,"15":0,"16":0,"17":0,"18":0,"19":0,"20":0,"21":0,"22":7,"23":0,"24":0,"25":0,"26":0,"27":7},"f":{"0":1,"1":0,"2":0,"3":0},"b":{"0":[0,0]},"_coverageSchema":"1a1c01bbd47fc00a2c39e90264f33305004495a9","hash":"f5d30aaf6a64fac55147db8a71b2adbf958afc7b"}
}
