TN:
SF:models\Collector.js
FNF:0
FNH:0
DA:1,7
DA:3,7
DA:68,7
LF:3
LH:3
BRF:0
BRH:0
end_of_record
TN:
SF:models\Feedback.js
FNF:0
FNH:0
DA:1,7
DA:3,7
DA:31,7
LF:3
LH:3
BRF:0
BRH:0
end_of_record
TN:
SF:models\Report.js
FNF:0
FNH:0
DA:1,7
DA:3,7
DA:51,7
LF:3
LH:3
BRF:0
BRH:0
end_of_record
TN:
SF:models\Schedule.js
FNF:0
FNH:0
DA:1,7
DA:3,7
DA:13,7
LF:3
LH:3
BRF:0
BRH:0
end_of_record
TN:
SF:models\User.js
FNF:0
FNH:0
DA:1,7
DA:3,7
DA:36,7
LF:3
LH:3
BRF:0
BRH:0
end_of_record
TN:
SF:routes\auth.js
FN:10,(anonymous_0)
FN:68,(anonymous_1)
FN:124,(anonymous_2)
FN:182,(anonymous_3)
FNF:4
FNH:2
FNDA:3,(anonymous_0)
FNDA:0,(anonymous_1)
FNDA:0,(anonymous_2)
FNDA:3,(anonymous_3)
DA:1,7
DA:2,7
DA:3,7
DA:4,7
DA:5,7
DA:6,7
DA:8,7
DA:10,7
DA:11,3
DA:12,3
DA:15,3
DA:16,0
DA:22,3
DA:23,3
DA:24,1
DA:30,2
DA:32,2
DA:39,2
DA:41,2
DA:47,2
DA:60,0
DA:68,7
DA:69,0
DA:70,0
DA:72,0
DA:73,0
DA:74,0
DA:81,0
DA:82,0
DA:88,0
DA:89,0
DA:90,0
DA:96,0
DA:102,0
DA:115,0
DA:124,7
DA:125,0
DA:126,0
DA:129,0
DA:131,0
DA:132,0
DA:138,0
DA:139,0
DA:146,0
DA:158,0
DA:173,0
DA:182,7
DA:183,3
DA:184,3
DA:186,3
DA:194,7
LF:51
LH:26
BRDA:12,0,0,2
BRDA:15,1,0,0
BRDA:15,1,1,3
BRDA:23,2,0,1
BRDA:23,2,1,2
BRDA:73,3,0,0
BRDA:73,3,1,0
BRDA:81,4,0,0
BRDA:81,4,1,0
BRDA:81,5,0,0
BRDA:81,5,1,0
BRDA:89,6,0,0
BRDA:89,6,1,0
BRDA:131,7,0,0
BRDA:131,7,1,0
BRDA:138,8,0,0
BRDA:138,8,1,0
BRDA:184,9,0,0
BRDA:184,9,1,3
BRF:19
BRH:5
end_of_record
TN:
SF:routes\authMiddleware.js
FN:4,(anonymous_0)
FNF:1
FNH:0
FNDA:0,(anonymous_0)
DA:1,0
DA:2,0
DA:4,0
DA:5,0
DA:6,0
DA:8,0
DA:9,0
DA:15,0
DA:16,0
DA:17,0
DA:19,0
DA:26,0
LF:12
LH:0
BRDA:8,0,0,0
BRDA:8,0,1,0
BRF:2
BRH:0
end_of_record
TN:
SF:routes\collectors.js
FN:5,(anonymous_0)
FN:21,(anonymous_1)
FN:47,(anonymous_2)
FN:69,(anonymous_3)
FN:85,(anonymous_4)
FN:108,(anonymous_5)
FN:149,(anonymous_6)
FN:172,(anonymous_7)
FN:183,(anonymous_8)
FN:240,(anonymous_9)
FN:252,(anonymous_10)
FNF:11
FNH:4
FNDA:2,(anonymous_0)
FNDA:3,(anonymous_1)
FNDA:0,(anonymous_2)
FNDA:0,(anonymous_3)
FNDA:0,(anonymous_4)
FNDA:1,(anonymous_5)
FNDA:0,(anonymous_6)
FNDA:2,(anonymous_7)
FNDA:0,(anonymous_8)
FNDA:0,(anonymous_9)
FNDA:0,(anonymous_10)
DA:1,7
DA:2,7
DA:3,7
DA:5,7
DA:6,2
DA:7,2
DA:8,1
DA:13,0
DA:21,7
DA:22,3
DA:23,3
DA:25,3
DA:32,3
DA:33,3
DA:39,0
DA:47,7
DA:48,0
DA:49,0
DA:50,0
DA:55,0
DA:61,0
DA:69,7
DA:70,0
DA:71,0
DA:72,0
DA:77,0
DA:85,7
DA:86,0
DA:87,0
DA:88,0
DA:89,0
DA:95,0
DA:100,0
DA:108,7
DA:109,1
DA:110,1
DA:111,1
DA:113,1
DA:114,0
DA:120,1
DA:121,1
DA:122,1
DA:128,0
DA:129,0
DA:130,0
DA:133,0
DA:135,0
DA:141,0
DA:149,7
DA:150,0
DA:151,0
DA:152,0
DA:153,0
DA:159,0
DA:164,0
DA:172,7
DA:173,2
DA:174,2
DA:175,2
DA:176,0
DA:182,2
DA:184,0
DA:190,2
DA:191,0
DA:198,2
DA:215,2
DA:222,2
DA:223,2
DA:225,2
DA:231,0
DA:232,0
DA:240,7
DA:241,0
DA:242,0
DA:244,0
DA:245,0
DA:251,0
DA:252,0
DA:255,0
DA:256,0
DA:262,0
DA:263,0
DA:265,0
DA:270,0
DA:278,7
LF:85
LH:38
BRDA:88,0,0,0
BRDA:88,0,1,0
BRDA:97,1,0,0
BRDA:97,1,1,0
BRDA:113,2,0,0
BRDA:113,2,1,1
BRDA:121,3,0,1
BRDA:121,3,1,0
BRDA:129,4,0,0
BRDA:129,4,1,0
BRDA:152,5,0,0
BRDA:152,5,1,0
BRDA:175,6,0,0
BRDA:175,6,1,2
BRDA:184,7,0,0
BRDA:184,7,1,0
BRDA:184,7,2,0
BRDA:184,7,3,0
BRDA:190,8,0,0
BRDA:190,8,1,2
BRDA:206,9,0,2
BRDA:206,9,1,0
BRDA:244,10,0,0
BRDA:244,10,1,0
BRDA:255,11,0,0
BRDA:255,11,1,0
BRF:26
BRH:5
end_of_record
TN:
SF:routes\feedback.js
FN:6,(anonymous_0)
FN:49,(anonymous_1)
FN:69,(anonymous_2)
FNF:3
FNH:0
FNDA:0,(anonymous_0)
FNDA:0,(anonymous_1)
FNDA:0,(anonymous_2)
DA:1,7
DA:2,7
DA:3,7
DA:4,7
DA:6,7
DA:7,0
DA:8,0
DA:10,0
DA:12,0
DA:13,0
DA:19,0
DA:20,0
DA:26,0
DA:32,0
DA:34,0
DA:40,0
DA:41,0
DA:49,7
DA:50,0
DA:51,0
DA:55,0
DA:61,0
DA:69,7
DA:70,0
DA:71,0
DA:73,0
DA:74,0
DA:80,0
DA:84,0
DA:90,0
DA:98,7
LF:31
LH:8
BRDA:12,0,0,0
BRDA:12,0,1,0
BRDA:12,1,0,0
BRDA:12,1,1,0
BRDA:12,1,2,0
BRDA:19,2,0,0
BRDA:19,2,1,0
BRDA:19,3,0,0
BRDA:19,3,1,0
BRDA:73,4,0,0
BRDA:73,4,1,0
BRF:11
BRH:0
end_of_record
TN:
SF:routes\optimization.js
FN:5,(anonymous_0)
FN:14,(anonymous_1)
FN:45,(anonymous_2)
FN:88,(anonymous_3)
FN:121,(anonymous_4)
FNF:5
FNH:0
FNDA:0,(anonymous_0)
FNDA:0,(anonymous_1)
FNDA:0,(anonymous_2)
FNDA:0,(anonymous_3)
FNDA:0,(anonymous_4)
DA:1,7
DA:2,7
DA:3,7
DA:5,7
DA:6,0
DA:7,0
DA:9,0
DA:11,0
DA:13,0
DA:14,0
DA:15,0
DA:18,0
DA:20,0
DA:21,0
DA:27,0
DA:29,0
DA:36,0
DA:37,0
DA:45,7
DA:46,0
DA:48,0
DA:50,0
DA:51,0
DA:61,0
DA:62,0
DA:64,0
DA:74,0
DA:85,0
DA:88,7
DA:89,0
DA:121,7
DA:122,0
DA:150,7
LF:33
LH:8
BRDA:20,0,0,0
BRDA:20,0,1,0
BRDA:45,1,0,0
BRDA:46,2,0,0
BRDA:46,2,1,0
BRDA:50,3,0,0
BRDA:50,3,1,0
BRDA:58,4,0,0
BRDA:58,4,1,0
BRF:9
BRH:0
end_of_record
TN:
SF:routes\reports.js
FN:6,(anonymous_0)
FN:65,(anonymous_1)
FN:82,(anonymous_2)
FN:111,(anonymous_3)
FNF:4
FNH:3
FNDA:2,(anonymous_0)
FNDA:2,(anonymous_1)
FNDA:0,(anonymous_2)
FNDA:1,(anonymous_3)
DA:1,7
DA:2,7
DA:3,7
DA:4,7
DA:6,7
DA:7,2
DA:8,2
DA:12,2
DA:13,2
DA:14,2
DA:15,2
DA:17,0
DA:18,0
DA:21,2
DA:22,0
DA:28,2
DA:29,2
DA:31,2
DA:44,2
DA:46,2
DA:48,2
DA:55,0
DA:57,0
DA:65,7
DA:66,2
DA:67,2
DA:68,1
DA:74,1
DA:82,7
DA:83,0
DA:84,0
DA:86,0
DA:87,0
DA:93,0
DA:97,0
DA:103,0
DA:111,7
DA:112,1
DA:113,1
DA:114,1
DA:116,1
DA:117,1
DA:119,1
DA:120,0
DA:126,1
DA:127,1
DA:128,1
DA:130,1
DA:131,0
DA:137,1
DA:143,1
DA:144,0
DA:150,1
DA:151,1
DA:153,1
DA:160,0
DA:162,0
DA:170,7
LF:58
LH:41
BRDA:12,0,0,2
BRDA:12,0,1,0
BRDA:12,1,0,2
BRDA:12,1,1,2
BRDA:21,2,0,0
BRDA:21,2,1,2
BRDA:21,3,0,2
BRDA:21,3,1,2
BRDA:28,4,0,0
BRDA:28,4,1,2
BRDA:28,5,0,2
BRDA:28,5,1,0
BRDA:28,6,0,0
BRDA:28,6,1,2
BRDA:29,7,0,0
BRDA:29,7,1,2
BRDA:36,8,0,2
BRDA:36,8,1,1
BRDA:86,9,0,0
BRDA:86,9,1,0
BRDA:119,10,0,0
BRDA:119,10,1,1
BRDA:127,11,0,1
BRDA:127,11,1,0
BRDA:128,12,0,1
BRDA:128,12,1,0
BRDA:130,13,0,0
BRDA:130,13,1,1
BRDA:143,14,0,0
BRDA:143,14,1,1
BRF:30
BRH:17
end_of_record
TN:
SF:routes\schedules.js
FN:6,(anonymous_0)
FN:15,(anonymous_1)
FN:75,(anonymous_2)
FN:87,(anonymous_3)
FN:117,(anonymous_4)
FN:125,(anonymous_5)
FNF:6
FNH:1
FNDA:1,(anonymous_0)
FNDA:0,(anonymous_1)
FNDA:0,(anonymous_2)
FNDA:0,(anonymous_3)
FNDA:0,(anonymous_4)
FNDA:0,(anonymous_5)
DA:1,7
DA:2,7
DA:3,7
DA:4,7
DA:6,7
DA:7,1
DA:8,1
DA:9,0
DA:11,0
DA:15,7
DA:16,0
DA:17,0
DA:20,0
DA:21,0
DA:22,0
DA:29,0
DA:40,0
DA:43,0
DA:44,0
DA:47,0
DA:50,0
DA:61,0
DA:63,0
DA:71,0
DA:75,7
DA:76,0
DA:77,0
DA:79,0
DA:80,0
DA:84,0
DA:85,0
DA:86,0
DA:87,0
DA:88,0
DA:89,0
DA:90,0
DA:93,0
DA:94,0
DA:96,0
DA:102,0
DA:103,0
DA:105,0
DA:112,0
DA:117,7
DA:118,0
DA:119,0
DA:121,0
DA:122,0
DA:125,0
DA:126,0
DA:129,0
DA:141,0
DA:145,7
LF:53
LH:11
BRDA:21,0,0,0
BRDA:21,0,1,0
BRDA:43,1,0,0
BRDA:43,1,1,0
BRDA:79,2,0,0
BRDA:79,2,1,0
BRDA:84,3,0,0
BRDA:84,3,1,0
BRDA:86,4,0,0
BRDA:86,4,1,0
BRDA:88,5,0,0
BRDA:88,5,1,0
BRDA:94,6,0,0
BRDA:94,6,1,0
BRDA:121,7,0,0
BRDA:121,7,1,0
BRDA:126,8,0,0
BRDA:126,8,1,0
BRF:18
BRH:0
end_of_record
TN:
SF:routes\users.js
FN:6,(anonymous_0)
FN:10,(anonymous_1)
FN:33,(anonymous_2)
FN:77,(anonymous_3)
FNF:4
FNH:1
FNDA:1,(anonymous_0)
FNDA:0,(anonymous_1)
FNDA:0,(anonymous_2)
FNDA:0,(anonymous_3)
DA:1,7
DA:2,7
DA:3,7
DA:4,7
DA:6,7
DA:7,1
DA:8,1
DA:10,0
DA:11,0
DA:12,0
DA:13,0
DA:19,0
DA:25,0
DA:33,7
DA:34,0
DA:35,0
DA:36,0
DA:37,0
DA:39,0
DA:58,0
DA:60,0
DA:69,0
DA:77,7
DA:78,0
DA:79,0
DA:85,0
DA:90,0
DA:98,7
LF:28
LH:10
BRDA:58,0,0,0
BRDA:58,0,1,0
BRF:2
BRH:0
end_of_record
